[21:16:29] [main/DEBUG] [FML/]: Injecting tracing printstreams for STDOUT/STDERR.
[21:16:29] [main/INFO] [FML/]: Forge Mod Loader version 11.15.1.1764 for Minecraft 1.8.9 loading
[21:16:29] [main/INFO] [FML/]: Java is OpenJDK 64-Bit Server VM, version 1.8.0_452, running on Linux:amd64:6.12.28-1-MANJARO, installed at /usr/lib/jvm/java-8-openjdk/jre
[21:16:29] [main/DEBUG] [FML/]: Java classpath at launch is /home/neomin/.canaryClient/libraries/net/minecraftforge/forge/1.8.9-11.15.1.1764/forge-1.8.9-11.15.1.1764.jar:/home/neomin/.canaryClient/libraries/io/netty/netty-all/4.0.23.Final/netty-all-4.0.23.Final.jar:/home/neomin/.canaryClient/libraries/net/minecraft/launchwrapper/1.12/launchwrapper-1.12.jar:/home/neomin/.canaryClient/libraries/org/ow2/asm/asm-all/5.0.3/asm-all-5.0.3.jar:/home/neomin/.canaryClient/libraries/jline/jline/2.13/jline-2.13.jar:/home/neomin/.canaryClient/libraries/com/typesafe/akka/akka-actor_2.11/2.3.3/akka-actor_2.11-2.3.3.jar:/home/neomin/.canaryClient/libraries/com/typesafe/config/1.2.1/config-1.2.1.jar:/home/neomin/.canaryClient/libraries/org/scala-lang/scala-actors-migration_2.11/1.1.0/scala-actors-migration_2.11-1.1.0.jar:/home/neomin/.canaryClient/libraries/org/scala-lang/scala-compiler/2.11.1/scala-compiler-2.11.1.jar:/home/neomin/.canaryClient/libraries/org/scala-lang/plugins/scala-continuations-library_2.11/1.0.2/scala-continuations-library_2.11-1.0.2.jar:/home/neomin/.canaryClient/libraries/org/scala-lang/plugins/scala-continuations-plugin_2.11.1/1.0.2/scala-continuations-plugin_2.11.1-1.0.2.jar:/home/neomin/.canaryClient/libraries/org/scala-lang/scala-library/2.11.1/scala-library-2.11.1.jar:/home/neomin/.canaryClient/libraries/org/scala-lang/scala-parser-combinators_2.11/1.0.1/scala-parser-combinators_2.11-1.0.1.jar:/home/neomin/.canaryClient/libraries/org/scala-lang/scala-reflect/2.11.1/scala-reflect-2.11.1.jar:/home/neomin/.canaryClient/libraries/org/scala-lang/scala-swing_2.11/1.0.1/scala-swing_2.11-1.0.1.jar:/home/neomin/.canaryClient/libraries/org/scala-lang/scala-xml_2.11/1.0.2/scala-xml_2.11-1.0.2.jar:/home/neomin/.canaryClient/libraries/lzma/lzma/0.0.1/lzma-0.0.1.jar:/home/neomin/.canaryClient/libraries/net/sf/jopt-simple/jopt-simple/4.6/jopt-simple-4.6.jar:/home/neomin/.canaryClient/libraries/java3d/vecmath/1.5.2/vecmath-1.5.2.jar:/home/neomin/.canaryClient/libraries/net/sf/trove4j/trove4j/3.0.3/trove4j-3.0.3.jar:/home/neomin/.canaryClient/libraries/com/mojang/netty/1.8.8/netty-1.8.8.jar:/home/neomin/.canaryClient/libraries/oshi-project/oshi-core/1.1/oshi-core-1.1.jar:/home/neomin/.canaryClient/libraries/net/java/dev/jna/jna/3.4.0/jna-3.4.0.jar:/home/neomin/.canaryClient/libraries/net/java/dev/jna/platform/3.4.0/platform-3.4.0.jar:/home/neomin/.canaryClient/libraries/com/ibm/icu/icu4j-core-mojang/51.2/icu4j-core-mojang-51.2.jar:/home/neomin/.canaryClient/libraries/com/paulscode/codecjorbis/20101023/codecjorbis-20101023.jar:/home/neomin/.canaryClient/libraries/com/paulscode/codecwav/20101023/codecwav-20101023.jar:/home/neomin/.canaryClient/libraries/com/paulscode/libraryjavasound/20101123/libraryjavasound-20101123.jar:/home/neomin/.canaryClient/libraries/com/paulscode/librarylwjglopenal/20100824/librarylwjglopenal-20100824.jar:/home/neomin/.canaryClient/libraries/com/paulscode/soundsystem/20120107/soundsystem-20120107.jar:/home/neomin/.canaryClient/libraries/com/google/guava/guava/17.0/guava-17.0.jar:/home/neomin/.canaryClient/libraries/org/apache/commons/commons-lang3/3.3.2/commons-lang3-3.3.2.jar:/home/neomin/.canaryClient/libraries/commons-io/commons-io/2.4/commons-io-2.4.jar:/home/neomin/.canaryClient/libraries/commons-codec/commons-codec/1.9/commons-codec-1.9.jar:/home/neomin/.canaryClient/libraries/net/java/jinput/jinput/2.0.5/jinput-2.0.5.jar:/home/neomin/.canaryClient/libraries/net/java/jutils/jutils/1.0.0/jutils-1.0.0.jar:/home/neomin/.canaryClient/libraries/com/google/code/gson/gson/2.2.4/gson-2.2.4.jar:/home/neomin/.canaryClient/libraries/com/mojang/authlib/1.5.21/authlib-1.5.21.jar:/home/neomin/.canaryClient/libraries/com/mojang/realms/1.7.59/realms-1.7.59.jar:/home/neomin/.canaryClient/libraries/org/apache/commons/commons-compress/1.8.1/commons-compress-1.8.1.jar:/home/neomin/.canaryClient/libraries/org/apache/httpcomponents/httpclient/4.3.3/httpclient-4.3.3.jar:/home/neomin/.canaryClient/libraries/commons-logging/commons-logging/1.1.3/commons-logging-1.1.3.jar:/home/neomin/.canaryClient/libraries/org/apache/httpcomponents/httpcore/4.3.2/httpcore-4.3.2.jar:/home/neomin/.canaryClient/libraries/org/apache/logging/log4j/log4j-api/2.0-beta9/log4j-api-2.0-beta9.jar:/home/neomin/.canaryClient/libraries/org/apache/logging/log4j/log4j-core/2.0-beta9/log4j-core-2.0-beta9.jar:/home/neomin/.canaryClient/libraries/org/lwjgl/lwjgl/lwjgl/2.9.4-nightly-20150209/lwjgl-2.9.4-nightly-20150209.jar:/home/neomin/.canaryClient/libraries/org/lwjgl/lwjgl/lwjgl_util/2.9.4-nightly-20150209/lwjgl_util-2.9.4-nightly-20150209.jar:/home/neomin/.canaryClient/libraries/org/lwjgl/lwjgl/lwjgl-platform/2.9.4-nightly-20150209/lwjgl-platform-2.9.4-nightly-20150209-natives-linux.jar:/home/neomin/.canaryClient/libraries/net/java/jinput/jinput-platform/2.0.5/jinput-platform-2.0.5-natives-linux.jar:/home/neomin/.canaryClient/libraries/tv/twitch/twitch/6.5/twitch-6.5.jar:/home/neomin/.canaryClient/libraries/tv/twitch/twitch-platform/6.5/twitch-platform-6.5-natives-linux.jar:/home/neomin/.canaryClient/jar/Client/Client.jar
[21:16:29] [main/DEBUG] [FML/]: Java library path at launch is /home/neomin/.canaryClient/Client/Client-natives
[21:16:29] [main/DEBUG] [FML/]: Enabling runtime deobfuscation
[21:16:29] [main/DEBUG] [FML/]: Instantiating coremod class FMLCorePlugin
[21:16:29] [main/DEBUG] [FML/]: Added access transformer class net.minecraftforge.fml.common.asm.transformers.AccessTransformer to enqueued access transformers
[21:16:29] [main/DEBUG] [FML/]: Enqueued coremod FMLCorePlugin
[21:16:29] [main/DEBUG] [FML/]: Instantiating coremod class FMLForgePlugin
[21:16:29] [main/DEBUG] [FML/]: Enqueued coremod FMLForgePlugin
[21:16:29] [main/DEBUG] [FML/]: All fundamental core mods are successfully located
[21:16:29] [main/DEBUG] [FML/]: Attempting to load commandline specified mods, relative to /home/neomin/.canaryClient
[21:16:29] [main/DEBUG] [FML/]: Discovering coremods
[21:16:29] [main/DEBUG] [FML/]: Examining for coremod candidacy BetterFps-1.2.0.jar
[21:16:29] [main/INFO] [FML/]: Loading tweaker me.guichaguri.betterfps.tweaker.BetterFpsTweaker from BetterFps-1.2.0.jar
[21:16:29] [main/DEBUG] [FML/]: Examining for coremod candidacy FpsReducer-mc1.8.9-1.10.3.jar
[21:16:29] [main/DEBUG] [FML/]: Not found coremod data in FpsReducer-mc1.8.9-1.10.3.jar
[21:16:29] [main/DEBUG] [FML/]: Examining for coremod candidacy OptiFine-1.8.9_HD_U_M5.jar
[21:16:29] [main/INFO] [FML/]: Loading tweaker optifine.OptiFineForgeTweaker from OptiFine-1.8.9_HD_U_M5.jar
[21:16:29] [main/INFO] [LaunchWrapper/]: Loading tweak class name net.minecraftforge.fml.common.launcher.FMLInjectionAndSortingTweaker
[21:16:29] [main/INFO] [LaunchWrapper/]: Loading tweak class name me.guichaguri.betterfps.tweaker.BetterFpsTweaker
[21:16:29] [main/INFO] [LaunchWrapper/]: Loading tweak class name optifine.OptiFineForgeTweaker
[21:16:29] [main/INFO] [LaunchWrapper/]: Loading tweak class name net.minecraftforge.fml.common.launcher.FMLDeobfTweaker
[21:16:29] [main/INFO] [LaunchWrapper/]: Calling tweak class net.minecraftforge.fml.common.launcher.FMLInjectionAndSortingTweaker
[21:16:29] [main/INFO] [LaunchWrapper/]: Calling tweak class net.minecraftforge.fml.common.launcher.FMLInjectionAndSortingTweaker
[21:16:29] [main/INFO] [LaunchWrapper/]: Calling tweak class optifine.OptiFineForgeTweaker
[21:16:29] [main/INFO] [STDOUT/]: [optifine.OptiFineForgeTweaker:dbg:56]: OptiFineForgeTweaker: acceptOptions
[21:16:29] [main/INFO] [STDOUT/]: [optifine.OptiFineForgeTweaker:dbg:56]: OptiFineForgeTweaker: injectIntoClassLoader
[21:16:29] [main/INFO] [STDOUT/]: [optifine.OptiFineClassTransformer:dbg:242]: OptiFine ClassTransformer
[21:16:29] [main/INFO] [STDOUT/]: [optifine.OptiFineClassTransformer:dbg:242]: OptiFine ZIP file: /home/neomin/.canaryClient/mods/OptiFine-1.8.9_HD_U_M5.jar
[21:16:29] [main/INFO] [LaunchWrapper/]: Calling tweak class net.minecraftforge.fml.relauncher.CoreModManager$FMLPluginWrapper
[21:16:29] [main/DEBUG] [FML/]: Injecting coremod FMLCorePlugin {net.minecraftforge.fml.relauncher.FMLCorePlugin} class transformers
[21:16:29] [main/TRACE] [FML/]: Registering transformer net.minecraftforge.fml.common.asm.transformers.BlamingTransformer
[21:16:29] [main/TRACE] [FML/]: Registering transformer net.minecraftforge.fml.common.asm.transformers.SideTransformer
[21:16:29] [main/TRACE] [FML/]: Registering transformer net.minecraftforge.fml.common.asm.transformers.EventSubscriptionTransformer
[21:16:29] [main/TRACE] [FML/]: Registering transformer net.minecraftforge.fml.common.asm.transformers.EventSubscriberTransformer
[21:16:29] [main/DEBUG] [FML/]: Injection complete
[21:16:29] [main/DEBUG] [FML/]: Running coremod plugin for FMLCorePlugin {net.minecraftforge.fml.relauncher.FMLCorePlugin}
[21:16:29] [main/DEBUG] [FML/]: Running coremod plugin FMLCorePlugin
[21:16:30] [main/DEBUG] [FML/]: Read 825 binary patches
[21:16:30] [main/DEBUG] [FML/]: Loading deobfuscation resource /deobfuscation_data-1.8.9.lzma with 27891 records
[21:16:30] [main/ERROR] [FML/]: Patcher expecting non-empty class data file for net.minecraft.item.ItemRecord, but received empty.
[21:16:31] [main/ERROR] [LaunchWrapper/]: Unable to launch
java.lang.RuntimeException: java.lang.RuntimeException: Patcher expecting non-empty class data file for net.minecraft.item.ItemRecord, but received empty, your vanilla jar may be corrupt.
	at net.minecraftforge.fml.relauncher.CoreModManager$FMLPluginWrapper.injectIntoClassLoader(CoreModManager.java:161) ~[forge-1.8.9-11.15.1.1764.jar:?]
	at net.minecraft.launchwrapper.Launch.launch(Launch.java:115) [launchwrapper-1.12.jar:?]
	at net.minecraft.launchwrapper.Launch.main(Launch.java:28) [launchwrapper-1.12.jar:?]
Caused by: java.lang.RuntimeException: Patcher expecting non-empty class data file for net.minecraft.item.ItemRecord, but received empty, your vanilla jar may be corrupt.
	at net.minecraftforge.fml.common.patcher.ClassPatchManager.applyPatch(ClassPatchManager.java:95) ~[forge-1.8.9-11.15.1.1764.jar:?]
	at net.minecraftforge.fml.common.patcher.ClassPatchManager.getPatchedResource(ClassPatchManager.java:58) ~[forge-1.8.9-11.15.1.1764.jar:?]
	at net.minecraftforge.fml.common.asm.transformers.deobf.FMLDeobfuscatingRemapper.getFieldType(FMLDeobfuscatingRemapper.java:210) ~[forge-1.8.9-11.15.1.1764.jar:?]
	at net.minecraftforge.fml.common.asm.transformers.deobf.FMLDeobfuscatingRemapper.parseField(FMLDeobfuscatingRemapper.java:184) ~[forge-1.8.9-11.15.1.1764.jar:?]
	at net.minecraftforge.fml.common.asm.transformers.deobf.FMLDeobfuscatingRemapper.setup(FMLDeobfuscatingRemapper.java:153) ~[forge-1.8.9-11.15.1.1764.jar:?]
	at net.minecraftforge.fml.common.asm.FMLSanityChecker.injectData(FMLSanityChecker.java:182) ~[forge-1.8.9-11.15.1.1764.jar:?]
	at net.minecraftforge.fml.relauncher.CoreModManager$FMLPluginWrapper.injectIntoClassLoader(CoreModManager.java:156) ~[forge-1.8.9-11.15.1.1764.jar:?]
	... 2 more
[21:16:31] [main/INFO] [STDERR/]: [java.lang.ThreadGroup:uncaughtException:1052]: net.minecraftforge.fml.relauncher.FMLSecurityManager$ExitTrappedException
[21:16:31] [main/INFO] [STDERR/]: [java.lang.ThreadGroup:uncaughtException:1052]: 	at net.minecraftforge.fml.relauncher.FMLSecurityManager.checkPermission(FMLSecurityManager.java:30)
[21:16:31] [main/INFO] [STDERR/]: [java.lang.ThreadGroup:uncaughtException:1052]: 	at java.lang.SecurityManager.checkExit(SecurityManager.java:761)
[21:16:31] [main/INFO] [STDERR/]: [java.lang.ThreadGroup:uncaughtException:1052]: 	at java.lang.Runtime.exit(Runtime.java:101)
[21:16:31] [main/INFO] [STDERR/]: [java.lang.ThreadGroup:uncaughtException:1052]: 	at java.lang.System.exit(System.java:987)
[21:16:31] [main/INFO] [STDERR/]: [java.lang.ThreadGroup:uncaughtException:1052]: 	at net.minecraft.launchwrapper.Launch.launch(Launch.java:138)
[21:16:31] [main/INFO] [STDERR/]: [java.lang.ThreadGroup:uncaughtException:1052]: 	at net.minecraft.launchwrapper.Launch.main(Launch.java:28)
