[22:56:25] [Client thread/INFO] [ave]: Setting user: neomin
[22:56:25] [Client thread/INFO] [ave]: (Session ID is token:{token}:7eedaa8a-cc04-4f60-8110-4d01b3adb5ed)
[22:56:27] [Client thread/INFO] [ave]: LWJGL Version: 2.9.4
[22:56:27] [Client thread/INFO] [bnn]: Reloading ResourceManager: Default
[22:56:28] [Client thread/INFO] [kg]: [STDOUT]@.(StandardCoreAPI.java:16): If on Windows, make sure to provide all of the necessary dll's as specified in the twitchsdk README. Also, make sure to set the PATH environment variable to point to the directory containing the dll's.
[22:56:28] [Client thread/ERROR] [ave]: Couldn't initialize twitch stream
[22:56:28] [Sound Library Loader/INFO] [bpx]: Starting up SoundSystem...
[22:56:28] [Thread-4/INFO] [bpx]: Initializing LWJGL OpenAL
[22:56:28] [Thread-4/INFO] [bpx]: (The LWJGL binding of OpenAL.  For more information, see http://www.lwjgl.org)
[22:56:28] [Thread-4/INFO] [bpx]: OpenAL initialized.
[22:56:28] [Sound Library Loader/INFO] [bpx]: Sound engine started
[22:56:31] [Client thread/INFO] [bmh]: Created: 512x512 textures-atlas
[22:56:34] [Client thread/DEBUG] [bpx]: Skipped playing soundEvent: minecraft:gui.button.press, master volume was zero
[22:56:37] [Client thread/DEBUG] [bpx]: Skipped playing soundEvent: minecraft:gui.button.press, master volume was zero
[22:56:37] [Server thread/INFO] [bpo]: Starting integrated minecraft server version 1.8.9
[22:56:37] [Server thread/INFO] [bpo]: Generating keypair
[22:56:38] [Server thread/INFO] [bpo]: Changing view distance to 8, from 10
[22:56:38] [Netty Server IO #1/DEBUG] [ek]: Set listener of ek@1be8054b to lk@11df28ee
[22:56:38] [Netty Server IO #1/DEBUG] [ek]: Enabled auto read
[22:56:38] [Netty Local Client IO #0/DEBUG] [ek]: Enabled auto read
[22:56:38] [Client thread/DEBUG] [ek]: Set listener of ek@6179551b to bcx@54626326
[22:56:38] [Client thread/DEBUG] [ek]: Disabled auto read
[22:56:38] [Netty Server IO #1/DEBUG] [ek]: Enabled auto read
[22:56:38] [Netty Local Client IO #0/DEBUG] [ek]: Enabled auto read
[22:56:38] [Netty Server IO #1/DEBUG] [ek]: Set listener of ek@1be8054b to lo@3cb2cc55
[22:56:38] [Netty Local Client IO #0/DEBUG] [ek]: Enabled auto read
[22:56:38] [Netty Local Client IO #0/DEBUG] [ek]: Set listener of ek@6179551b to bcy@7a8d5d77
[22:56:38] [Server thread/DEBUG] [lx]: loading single player
[22:56:38] [Server thread/INFO] [lx]: neomin[local:E:aba45fb7] logged in with entity id 121 at (-561.9173660639824, 4.0, 973.1608328875478)
[22:56:38] [Server thread/DEBUG] [ek]: Set listener of ek@1be8054b to lm@130b2011
[22:56:38] [Server thread/DEBUG] [ek]: Disabled auto read
[22:56:38] [Netty Server IO #1/DEBUG] [ek]: Enabled auto read
[22:56:39] [Client thread/DEBUG] [bpx]: Skipped playing soundEvent: minecraft:music.game.creative, master volume was zero
[22:56:40] [Client thread/DEBUG] [bma]: Loading http texture from local cache (/home/neomin/.minecraft/assets/skins/6b/6ba0d572314d000d0f1ea80df0ce2e416452dc5d165d614f91f69d1d1c122c7d)
[22:56:43] [Server thread/INFO] [bpo]: Saving and pausing game...
[22:56:43] [Client thread/DEBUG] [bpx]: Skipped playing soundEvent: minecraft:gui.button.press, master volume was zero
[22:56:45] [Client thread/DEBUG] [bpx]: Skipped playing soundEvent: minecraft:step.grass, master volume was zero
[22:56:46] [Client thread/DEBUG] [bpx]: Skipped playing soundEvent: minecraft:step.grass, master volume was zero
[22:56:47] [Client thread/DEBUG] [bpx]: Skipped playing soundEvent: minecraft:step.cloth, master volume was zero
[22:56:47] [Client thread/DEBUG] [bpx]: Skipped playing soundEvent: minecraft:step.stone, master volume was zero
[22:56:47] [Client thread/DEBUG] [bpx]: Skipped playing soundEvent: minecraft:step.grass, master volume was zero
[22:56:48] [Client thread/DEBUG] [bpx]: Skipped playing soundEvent: minecraft:step.grass, master volume was zero
[22:56:49] [Client thread/DEBUG] [bpx]: Skipped playing soundEvent: minecraft:step.grass, master volume was zero
[22:56:49] [Client thread/DEBUG] [bpx]: Skipped playing soundEvent: minecraft:step.cloth, master volume was zero
[22:56:50] [Client thread/DEBUG] [bpx]: Skipped playing soundEvent: minecraft:step.grass, master volume was zero
[22:56:51] [Client thread/DEBUG] [bpx]: Skipped playing soundEvent: minecraft:step.grass, master volume was zero
[22:56:51] [Server thread/INFO] [bpo]: Saving and pausing game...
[22:56:52] [Client thread/INFO] [ave]: Stopping!
[22:56:52] [Client thread/INFO] [bpx]: SoundSystem shutting down...
[22:56:52] [Client thread/WARN] [bpx]: Author: Paul Lamb, www.paulscode.com
[23:27:13] [Client thread/INFO] [ave]: Setting user: neomin
[23:27:13] [Client thread/INFO] [ave]: (Session ID is token:{token}:7eedaa8a-cc04-4f60-8110-4d01b3adb5ed)
[23:27:15] [Client thread/INFO] [ave]: LWJGL Version: 2.9.4
[23:27:15] [Client thread/INFO] [bnn]: Reloading ResourceManager: Default
[23:27:15] [Client thread/INFO] [kg]: [STDOUT]@.(StandardCoreAPI.java:16): If on Windows, make sure to provide all of the necessary dll's as specified in the twitchsdk README. Also, make sure to set the PATH environment variable to point to the directory containing the dll's.
[23:27:15] [Client thread/ERROR] [ave]: Couldn't initialize twitch stream
[23:27:15] [Sound Library Loader/INFO] [bpx]: Starting up SoundSystem...
[23:27:16] [Thread-5/INFO] [bpx]: Initializing LWJGL OpenAL
[23:27:16] [Thread-5/INFO] [bpx]: (The LWJGL binding of OpenAL.  For more information, see http://www.lwjgl.org)
[23:27:16] [Thread-5/INFO] [bpx]: OpenAL initialized.
[23:27:16] [Sound Library Loader/INFO] [bpx]: Sound engine started
[23:27:20] [Client thread/INFO] [bmh]: Created: 512x512 textures-atlas
[23:27:26] [Client thread/DEBUG] [bpx]: Skipped playing soundEvent: minecraft:music.menu, master volume was zero
[23:27:30] [Client thread/DEBUG] [bpx]: Skipped playing soundEvent: minecraft:music.menu, master volume was zero
[23:27:43] [Client thread/DEBUG] [bpx]: Skipped playing soundEvent: minecraft:music.menu, master volume was zero
[23:27:47] [Client thread/DEBUG] [bpx]: Skipped playing soundEvent: minecraft:music.menu, master volume was zero
[23:27:59] [Client thread/DEBUG] [bpx]: Skipped playing soundEvent: minecraft:music.menu, master volume was zero
[23:28:25] [Client thread/DEBUG] [bpx]: Skipped playing soundEvent: minecraft:music.menu, master volume was zero
[23:28:46] [Client thread/DEBUG] [bpx]: Skipped playing soundEvent: minecraft:music.menu, master volume was zero
[23:29:02] [Client thread/DEBUG] [bpx]: Skipped playing soundEvent: minecraft:gui.button.press, master volume was zero
[23:29:03] [Client thread/DEBUG] [bpx]: Skipped playing soundEvent: minecraft:gui.button.press, master volume was zero
[23:29:04] [Client thread/DEBUG] [bpx]: Skipped playing soundEvent: minecraft:gui.button.press, master volume was zero
[23:29:05] [Client thread/DEBUG] [bpx]: Skipped playing soundEvent: minecraft:gui.button.press, master volume was zero
[23:29:06] [Client thread/INFO] [ave]: Stopping!
[23:29:06] [Client thread/INFO] [bpx]: SoundSystem shutting down...
[23:29:06] [Client thread/WARN] [bpx]: Author: Paul Lamb, www.paulscode.com
[18:22:12] [main/INFO] [LaunchWrapper]: Loading tweak class name net.minecraft.launchwrapper.VanillaTweaker
[18:22:12] [main/INFO] [LaunchWrapper]: Using primary tweak class name net.minecraft.launchwrapper.VanillaTweaker
[18:22:12] [main/INFO] [LaunchWrapper]: Calling tweak class net.minecraft.launchwrapper.VanillaTweaker
[18:22:12] [main/ERROR] [LaunchWrapper]: Unable to launch
java.lang.ClassNotFoundException: net.minecraft.client.Minecraft
	at net.minecraft.launchwrapper.LaunchClassLoader.findClass(LaunchClassLoader.java:191) ~[launchwrapper-1.12.jar:?]
	at java.lang.ClassLoader.loadClass(ClassLoader.java:418) ~[?:1.8.0_452]
	at java.lang.ClassLoader.loadClass(ClassLoader.java:351) ~[?:1.8.0_452]
	at java.lang.Class.forName0(Native Method) ~[?:1.8.0_452]
	at java.lang.Class.forName(Class.java:348) ~[?:1.8.0_452]
	at net.minecraft.launchwrapper.Launch.launch(Launch.java:131) [launchwrapper-1.12.jar:?]
	at net.minecraft.launchwrapper.Launch.main(Launch.java:28) [launchwrapper-1.12.jar:?]
Caused by: java.lang.NullPointerException
	at net.minecraft.launchwrapper.LaunchClassLoader.findClass(LaunchClassLoader.java:182) ~[launchwrapper-1.12.jar:?]
	... 6 more
[18:22:51] [Client thread/INFO] [ave]: Setting user: neo
[18:22:51] [Client thread/INFO] [ave]: (Session ID is token:{token}:7eedaa8a-cc04-4f60-8110-4d01b3adb5ed)
[18:22:54] [Client thread/INFO] [ave]: LWJGL Version: 2.9.4
[18:22:54] [Client thread/INFO] [bnn]: Reloading ResourceManager: Default
[18:22:55] [Client thread/INFO] [kg]: [STDOUT]@.(StandardCoreAPI.java:16): If on Windows, make sure to provide all of the necessary dll's as specified in the twitchsdk README. Also, make sure to set the PATH environment variable to point to the directory containing the dll's.
[18:22:55] [Client thread/ERROR] [ave]: Couldn't initialize twitch stream
[18:22:55] [Sound Library Loader/INFO] [bpx]: Starting up SoundSystem...
[18:22:55] [Thread-5/INFO] [bpx]: Initializing LWJGL OpenAL
[18:22:55] [Thread-5/INFO] [bpx]: (The LWJGL binding of OpenAL.  For more information, see http://www.lwjgl.org)
[18:22:55] [Thread-5/INFO] [bpx]: OpenAL initialized.
[18:22:55] [Sound Library Loader/INFO] [bpx]: Sound engine started
[18:22:58] [Client thread/INFO] [bmh]: Created: 512x512 textures-atlas
[18:23:00] [Client thread/INFO] [ave]: Stopping!
[18:23:00] [Client thread/INFO] [bpx]: SoundSystem shutting down...
[18:23:00] [Client thread/WARN] [bpx]: Author: Paul Lamb, www.paulscode.com
[18:32:42] [Client thread/INFO] [ave]: Setting user: 1223123
[18:32:42] [Client thread/INFO] [ave]: (Session ID is token:{token}:7eedaa8a-cc04-4f60-8110-4d01b3adb5ed)
[18:32:44] [Client thread/INFO] [ave]: LWJGL Version: 2.9.4
[18:32:44] [Client thread/INFO] [bnn]: Reloading ResourceManager: Default
[18:32:44] [Client thread/INFO] [kg]: [STDOUT]@.(StandardCoreAPI.java:16): If on Windows, make sure to provide all of the necessary dll's as specified in the twitchsdk README. Also, make sure to set the PATH environment variable to point to the directory containing the dll's.
[18:32:44] [Client thread/ERROR] [ave]: Couldn't initialize twitch stream
[18:32:44] [Sound Library Loader/INFO] [bpx]: Starting up SoundSystem...
[18:32:45] [Thread-5/INFO] [bpx]: Initializing LWJGL OpenAL
[18:32:45] [Thread-5/INFO] [bpx]: (The LWJGL binding of OpenAL.  For more information, see http://www.lwjgl.org)
[18:32:45] [Thread-5/INFO] [bpx]: OpenAL initialized.
[18:32:45] [Sound Library Loader/INFO] [bpx]: Sound engine started
[18:32:48] [Client thread/INFO] [bmh]: Created: 512x512 textures-atlas
[18:32:51] [Client thread/DEBUG] [bpx]: Skipped playing soundEvent: minecraft:gui.button.press, master volume was zero
[18:32:51] [Client thread/DEBUG] [bpx]: Skipped playing soundEvent: minecraft:gui.button.press, master volume was zero
[18:32:52] [Client thread/DEBUG] [bpx]: Skipped playing soundEvent: minecraft:gui.button.press, master volume was zero
[18:32:53] [Client thread/DEBUG] [bpx]: Skipped playing soundEvent: minecraft:gui.button.press, master volume was zero
[18:32:54] [Client thread/DEBUG] [bpx]: Skipped playing soundEvent: minecraft:gui.button.press, master volume was zero
[18:32:54] [Client thread/DEBUG] [bpx]: Skipped playing soundEvent: minecraft:gui.button.press, master volume was zero
[18:32:54] [Client thread/DEBUG] [bpx]: Skipped playing soundEvent: minecraft:music.menu, master volume was zero
[18:32:55] [Client thread/DEBUG] [bpx]: Skipped playing soundEvent: minecraft:gui.button.press, master volume was zero
[18:32:56] [Server thread/INFO] [bpo]: Starting integrated minecraft server version 1.8.9
[18:32:56] [Server thread/INFO] [bpo]: Generating keypair
[18:32:57] [Server thread/INFO] [bpo]: Changing view distance to 8, from 10
[18:32:57] [Netty Server IO #1/DEBUG] [ek]: Set listener of ek@4bf5a5e0 to lk@1ebe4e7f
[18:32:57] [Netty Local Client IO #0/DEBUG] [ek]: Enabled auto read
[18:32:57] [Netty Server IO #1/DEBUG] [ek]: Enabled auto read
[18:32:57] [Client thread/DEBUG] [ek]: Set listener of ek@59700156 to bcx@1e6e29d6
[18:32:57] [Client thread/DEBUG] [ek]: Disabled auto read
[18:32:57] [Netty Server IO #1/DEBUG] [ek]: Enabled auto read
[18:32:57] [Netty Local Client IO #0/DEBUG] [ek]: Enabled auto read
[18:32:57] [Netty Server IO #1/DEBUG] [ek]: Set listener of ek@4bf5a5e0 to lo@59cb6734
[18:32:57] [Netty Local Client IO #0/DEBUG] [ek]: Enabled auto read
[18:32:57] [Netty Local Client IO #0/DEBUG] [ek]: Set listener of ek@59700156 to bcy@3813ffc7
[18:32:57] [Server thread/DEBUG] [lx]: loading single player
[18:32:57] [Server thread/INFO] [lx]: 1223123[local:E:31b5adcc] logged in with entity id 128 at (-556.9865967409363, 4.0, 974.1034735677094)
[18:32:57] [Server thread/DEBUG] [ek]: Set listener of ek@4bf5a5e0 to lm@6681e74f
[18:32:57] [Server thread/DEBUG] [ek]: Disabled auto read
[18:32:57] [Netty Server IO #1/DEBUG] [ek]: Enabled auto read
[18:33:00] [Texture Downloader #1/DEBUG] [bma]: Downloading http texture from http://textures.minecraft.net/texture/6ba0d572314d000d0f1ea80df0ce2e416452dc5d165d614f91f69d1d1c122c7d to /home/neomin/.minecraft/assets/skins/6b/6ba0d572314d000d0f1ea80df0ce2e416452dc5d165d614f91f69d1d1c122c7d
[18:33:00] [Server thread/INFO] [bpo]: Saving and pausing game...
[18:33:01] [Server thread/INFO] [bpo]: Saving and pausing game...
[18:33:02] [Client thread/DEBUG] [bpx]: Skipped playing soundEvent: minecraft:gui.button.press, master volume was zero
[18:33:03] [Client thread/DEBUG] [bpx]: Skipped playing soundEvent: minecraft:gui.button.press, master volume was zero
[18:33:04] [Client thread/INFO] [ave]: Stopping!
[18:33:04] [Client thread/INFO] [bpx]: SoundSystem shutting down...
[18:33:04] [Client thread/WARN] [bpx]: Author: Paul Lamb, www.paulscode.com
[18:33:41] [main/INFO] [LaunchWrapper]: Loading tweak class name net.minecraft.launchwrapper.VanillaTweaker
[18:33:41] [main/INFO] [LaunchWrapper]: Using primary tweak class name net.minecraft.launchwrapper.VanillaTweaker
[18:33:41] [main/INFO] [LaunchWrapper]: Calling tweak class net.minecraft.launchwrapper.VanillaTweaker
[18:33:41] [main/ERROR] [LaunchWrapper]: Unable to launch
java.lang.ClassNotFoundException: net.minecraft.client.Minecraft
	at net.minecraft.launchwrapper.LaunchClassLoader.findClass(LaunchClassLoader.java:191) ~[launchwrapper-1.12.jar:?]
	at java.lang.ClassLoader.loadClass(ClassLoader.java:418) ~[?:1.8.0_452]
	at java.lang.ClassLoader.loadClass(ClassLoader.java:351) ~[?:1.8.0_452]
	at java.lang.Class.forName0(Native Method) ~[?:1.8.0_452]
	at java.lang.Class.forName(Class.java:348) ~[?:1.8.0_452]
	at net.minecraft.launchwrapper.Launch.launch(Launch.java:131) [launchwrapper-1.12.jar:?]
	at net.minecraft.launchwrapper.Launch.main(Launch.java:28) [launchwrapper-1.12.jar:?]
Caused by: java.lang.NullPointerException
	at net.minecraft.launchwrapper.LaunchClassLoader.findClass(LaunchClassLoader.java:182) ~[launchwrapper-1.12.jar:?]
	... 6 more
[18:34:15] [main/INFO] [LaunchWrapper]: Loading tweak class name net.minecraftforge.fml.common.launcher.FMLTweaker
[18:34:15] [main/INFO] [LaunchWrapper]: Using primary tweak class name net.minecraftforge.fml.common.launcher.FMLTweaker
[18:34:15] [main/INFO] [LaunchWrapper]: Calling tweak class net.minecraftforge.fml.common.launcher.FMLTweaker
[18:37:09] [main/INFO] [LaunchWrapper]: Loading tweak class name optifine.OptiFineTweaker
[18:37:09] [main/ERROR] [LaunchWrapper]: Unable to launch
java.lang.ClassNotFoundException: optifine.OptiFineTweaker
	at java.net.URLClassLoader.findClass(URLClassLoader.java:387) ~[?:1.8.0_452]
	at java.lang.ClassLoader.loadClass(ClassLoader.java:418) ~[?:1.8.0_452]
	at sun.misc.Launcher$AppClassLoader.loadClass(Launcher.java:352) ~[?:1.8.0_452]
	at java.lang.ClassLoader.loadClass(ClassLoader.java:351) ~[?:1.8.0_452]
	at net.minecraft.launchwrapper.LaunchClassLoader.findClass(LaunchClassLoader.java:106) ~[launchwrapper-1.12.jar:?]
	at java.lang.ClassLoader.loadClass(ClassLoader.java:418) ~[?:1.8.0_452]
	at java.lang.ClassLoader.loadClass(ClassLoader.java:351) ~[?:1.8.0_452]
	at java.lang.Class.forName0(Native Method) ~[?:1.8.0_452]
	at java.lang.Class.forName(Class.java:348) ~[?:1.8.0_452]
	at net.minecraft.launchwrapper.Launch.launch(Launch.java:98) [launchwrapper-1.12.jar:?]
	at net.minecraft.launchwrapper.Launch.main(Launch.java:28) [launchwrapper-1.12.jar:?]
[18:37:34] [main/INFO] [LaunchWrapper]: Loading tweak class name net.minecraftforge.fml.common.launcher.FMLTweaker
[18:37:34] [main/INFO] [LaunchWrapper]: Using primary tweak class name net.minecraftforge.fml.common.launcher.FMLTweaker
[18:37:34] [main/INFO] [LaunchWrapper]: Calling tweak class net.minecraftforge.fml.common.launcher.FMLTweaker
[18:38:36] [main/INFO] [LaunchWrapper]: Loading tweak class name net.minecraftforge.fml.common.launcher.FMLTweaker
[18:38:36] [main/INFO] [LaunchWrapper]: Using primary tweak class name net.minecraftforge.fml.common.launcher.FMLTweaker
[18:38:36] [main/INFO] [LaunchWrapper]: Calling tweak class net.minecraftforge.fml.common.launcher.FMLTweaker
[19:11:11] [main/INFO] [LaunchWrapper]: Loading tweak class name net.minecraftforge.fml.common.launcher.FMLTweaker
[19:11:11] [main/INFO] [LaunchWrapper]: Using primary tweak class name net.minecraftforge.fml.common.launcher.FMLTweaker
[19:11:11] [main/INFO] [LaunchWrapper]: Calling tweak class net.minecraftforge.fml.common.launcher.FMLTweaker
[19:11:51] [main/INFO] [LaunchWrapper]: Loading tweak class name net.minecraftforge.fml.common.launcher.FMLTweaker
[19:11:51] [main/INFO] [LaunchWrapper]: Using primary tweak class name net.minecraftforge.fml.common.launcher.FMLTweaker
[19:11:51] [main/INFO] [LaunchWrapper]: Calling tweak class net.minecraftforge.fml.common.launcher.FMLTweaker
[19:12:51] [main/INFO] [LaunchWrapper]: Loading tweak class name net.minecraftforge.fml.common.launcher.FMLTweaker
[19:12:51] [main/INFO] [LaunchWrapper]: Using primary tweak class name net.minecraftforge.fml.common.launcher.FMLTweaker
[19:12:51] [main/INFO] [LaunchWrapper]: Calling tweak class net.minecraftforge.fml.common.launcher.FMLTweaker
[19:13:19] [main/INFO] [LaunchWrapper]: Loading tweak class name net.minecraftforge.fml.common.launcher.FMLTweaker
[19:13:20] [main/INFO] [LaunchWrapper]: Using primary tweak class name net.minecraftforge.fml.common.launcher.FMLTweaker
[19:13:20] [main/INFO] [LaunchWrapper]: Calling tweak class net.minecraftforge.fml.common.launcher.FMLTweaker
[19:23:27] [main/INFO] [LaunchWrapper]: Loading tweak class name net.minecraftforge.fml.common.launcher.FMLTweaker
[19:23:28] [main/INFO] [LaunchWrapper]: Using primary tweak class name net.minecraftforge.fml.common.launcher.FMLTweaker
[19:23:28] [main/INFO] [LaunchWrapper]: Calling tweak class net.minecraftforge.fml.common.launcher.FMLTweaker
[19:25:35] [main/INFO] [LaunchWrapper]: Loading tweak class name net.minecraftforge.fml.common.launcher.FMLTweaker
[19:25:35] [main/INFO] [LaunchWrapper]: Using primary tweak class name net.minecraftforge.fml.common.launcher.FMLTweaker
[19:25:35] [main/INFO] [LaunchWrapper]: Calling tweak class net.minecraftforge.fml.common.launcher.FMLTweaker
[19:29:03] [main/INFO] [LaunchWrapper]: Loading tweak class name net.minecraftforge.fml.common.launcher.FMLTweaker
[19:29:03] [main/INFO] [LaunchWrapper]: Using primary tweak class name net.minecraftforge.fml.common.launcher.FMLTweaker
[19:29:03] [main/INFO] [LaunchWrapper]: Calling tweak class net.minecraftforge.fml.common.launcher.FMLTweaker
[19:33:48] [main/INFO] [LaunchWrapper]: Loading tweak class name net.minecraftforge.fml.common.launcher.FMLTweaker
[19:33:49] [main/INFO] [LaunchWrapper]: Using primary tweak class name net.minecraftforge.fml.common.launcher.FMLTweaker
[19:33:49] [main/INFO] [LaunchWrapper]: Calling tweak class net.minecraftforge.fml.common.launcher.FMLTweaker
[19:59:39] [main/INFO] [LaunchWrapper]: Loading tweak class name net.minecraftforge.fml.common.launcher.FMLTweaker
[19:59:39] [main/INFO] [LaunchWrapper]: Using primary tweak class name net.minecraftforge.fml.common.launcher.FMLTweaker
[19:59:39] [main/INFO] [LaunchWrapper]: Calling tweak class net.minecraftforge.fml.common.launcher.FMLTweaker
[20:12:30] [main/INFO] [LaunchWrapper]: Loading tweak class name net.minecraftforge.fml.common.launcher.FMLTweaker
[20:12:30] [main/INFO] [LaunchWrapper]: Using primary tweak class name net.minecraftforge.fml.common.launcher.FMLTweaker
[20:12:30] [main/INFO] [LaunchWrapper]: Calling tweak class net.minecraftforge.fml.common.launcher.FMLTweaker
[21:15:15] [main/INFO] [LaunchWrapper]: Loading tweak class name net.minecraftforge.fml.common.launcher.FMLTweaker
[21:15:15] [main/INFO] [LaunchWrapper]: Using primary tweak class name net.minecraftforge.fml.common.launcher.FMLTweaker
[21:15:15] [main/INFO] [LaunchWrapper]: Calling tweak class net.minecraftforge.fml.common.launcher.FMLTweaker
[21:16:29] [main/INFO] [LaunchWrapper]: Loading tweak class name net.minecraftforge.fml.common.launcher.FMLTweaker
[21:16:29] [main/INFO] [LaunchWrapper]: Using primary tweak class name net.minecraftforge.fml.common.launcher.FMLTweaker
[21:16:29] [main/INFO] [LaunchWrapper]: Calling tweak class net.minecraftforge.fml.common.launcher.FMLTweaker
[21:17:34] [main/INFO] [LaunchWrapper]: Loading tweak class name net.minecraftforge.fml.common.launcher.FMLTweaker
[21:17:34] [main/INFO] [LaunchWrapper]: Using primary tweak class name net.minecraftforge.fml.common.launcher.FMLTweaker
[21:17:34] [main/INFO] [LaunchWrapper]: Calling tweak class net.minecraftforge.fml.common.launcher.FMLTweaker
[21:31:15] [main/INFO] [LaunchWrapper]: Loading tweak class name net.minecraftforge.fml.common.launcher.FMLTweaker
[21:31:15] [main/INFO] [LaunchWrapper]: Using primary tweak class name net.minecraftforge.fml.common.launcher.FMLTweaker
[21:31:15] [main/INFO] [LaunchWrapper]: Calling tweak class net.minecraftforge.fml.common.launcher.FMLTweaker
