[21:31:19] [Client thread/ERROR]: Can't find the resource index file: /home/neomin/.canaryClient/assets/indexes/1.8.json
[21:31:19] [Client thread/INFO]: Setting user: neomin
[21:31:24] [Client thread/INFO]: LWJGL Version: 2.9.4
[21:31:29] [Client thread/INFO]: Reloading ResourceManager: Default, FMLFileResourcePack:Forge Mod Loader, FMLFileResourcePack:Minecraft Forge, FMLFileResourcePack:FPS Reducer
[21:31:29] [Client thread/ERROR]: Couldn't initialize twitch stream
[21:31:29] [Sound Library Loader/INFO]: Starting up SoundSystem...
[21:31:30] [Thread-8/INFO]: Initializing LWJGL OpenAL
[21:31:30] [Thread-8/INFO]: (The LWJGL binding of OpenAL.  For more information, see http://www.lwjgl.org)
[21:31:30] [Thread-8/INFO]: OpenAL initialized.
[21:31:30] [Sound Library Loader/INFO]: Sound engine started
[21:31:32] [Client thread/INFO]: Created: 16x16 textures-atlas
[21:31:34] [Client thread/INFO]: Reloading ResourceManager: Default, FMLFileResourcePack:Forge Mod Loader, FMLFileResourcePack:Minecraft Forge, FMLFileResourcePack:FPS Reducer
[21:31:34] [Client thread/INFO]: SoundSystem shutting down...
[21:31:34] [Client thread/WARN]: Author: Paul Lamb, www.paulscode.com
[21:31:34] [Sound Library Loader/INFO]: Starting up SoundSystem...
[21:31:34] [Thread-10/INFO]: Initializing LWJGL OpenAL
[21:31:34] [Thread-10/INFO]: (The LWJGL binding of OpenAL.  For more information, see http://www.lwjgl.org)
[21:31:34] [Thread-10/INFO]: OpenAL initialized.
[21:31:35] [Sound Library Loader/INFO]: Sound engine started
[21:31:36] [Client thread/INFO]: Created: 1024x512 textures-atlas
[21:31:40] [Client thread/WARN]: Unable to play unknown soundEvent: minecraft:gui.button.press
[21:31:43] [Client thread/WARN]: Unable to play unknown soundEvent: minecraft:gui.button.press
[21:31:43] [Client thread/WARN]: Unable to play unknown soundEvent: minecraft:music.menu
[21:31:45] [Client thread/WARN]: Unable to play unknown soundEvent: minecraft:gui.button.press
[21:31:46] [Client thread/WARN]: Unable to play unknown soundEvent: minecraft:gui.button.press
[21:31:47] [Client thread/WARN]: Unable to play unknown soundEvent: minecraft:gui.button.press
[21:31:48] [Client thread/WARN]: Unable to play unknown soundEvent: minecraft:gui.button.press
[21:31:48] [Client thread/WARN]: Unable to play unknown soundEvent: minecraft:gui.button.press
[21:31:49] [Client thread/WARN]: Unable to play unknown soundEvent: minecraft:gui.button.press
[21:31:49] [Client thread/WARN]: Unable to play unknown soundEvent: minecraft:music.menu
[21:31:49] [Client thread/WARN]: Unable to play unknown soundEvent: minecraft:gui.button.press
[21:31:50] [Server thread/INFO]: Starting integrated minecraft server version 1.9
[21:31:50] [Server thread/INFO]: Generating keypair
[21:31:50] [Server thread/INFO]: Converting map!
[21:31:50] [Server thread/INFO]: Scanning folders...
[21:31:50] [Server thread/INFO]: Total conversion count is 0
[21:31:51] [Server thread/INFO]: Preparing start region for level 0
[21:31:52] [Server thread/INFO]: Preparing spawn area: 4%
[21:31:53] [Server thread/INFO]: Preparing spawn area: 7%
[21:31:54] [Server thread/INFO]: Preparing spawn area: 12%
[21:31:55] [Server thread/INFO]: Preparing spawn area: 18%
[21:31:56] [Server thread/INFO]: Preparing spawn area: 29%
[21:31:57] [Server thread/INFO]: Preparing spawn area: 39%
[21:31:58] [Server thread/INFO]: Preparing spawn area: 51%
[21:31:59] [Server thread/INFO]: Preparing spawn area: 64%
[21:32:00] [Server thread/INFO]: Preparing spawn area: 79%
[21:32:01] [Server thread/INFO]: Preparing spawn area: 92%
[21:32:02] [Server thread/INFO]: Changing view distance to 8, from 10
[21:32:03] [Server thread/INFO]: neomin[local:E:6a7f6ee9] logged in with entity id 141 at (130.5, 68.0, 111.5)
[21:32:03] [Server thread/INFO]: neomin joined the game
[21:32:04] [Client thread/WARN]: Unable to play unknown soundEvent: minecraft:mob.bat.takeoff
[21:32:04] [Client thread/WARN]: Unable to play unknown soundEvent: minecraft:mob.bat.takeoff
[21:32:04] [Client thread/WARN]: Unable to play unknown soundEvent: minecraft:mob.bat.takeoff
[21:32:04] [Client thread/WARN]: Unable to play unknown soundEvent: minecraft:mob.bat.takeoff
[21:32:04] [Client thread/WARN]: Unable to play unknown soundEvent: minecraft:mob.bat.takeoff
[21:32:04] [Client thread/WARN]: Unable to play unknown soundEvent: minecraft:mob.bat.takeoff
[21:32:04] [Client thread/WARN]: Unable to play unknown soundEvent: minecraft:mob.bat.takeoff
[21:32:04] [Client thread/WARN]: Unable to play unknown soundEvent: minecraft:mob.bat.takeoff
[21:32:04] [Client thread/WARN]: Unable to play unknown soundEvent: minecraft:mob.bat.takeoff
[21:32:04] [Client thread/WARN]: Unable to play unknown soundEvent: minecraft:mob.bat.takeoff
[21:32:04] [Client thread/WARN]: Unable to play unknown soundEvent: minecraft:mob.bat.takeoff
[21:32:04] [Client thread/WARN]: Unable to play unknown soundEvent: minecraft:mob.bat.takeoff
[21:32:09] [Client thread/WARN]: Unable to play unknown soundEvent: minecraft:step.snow
[21:32:10] [Client thread/WARN]: Unable to play unknown soundEvent: minecraft:step.grass
[21:32:10] [Client thread/WARN]: Unable to play unknown soundEvent: minecraft:step.snow
[21:32:11] [Client thread/WARN]: Unable to play unknown soundEvent: minecraft:step.snow
[21:32:13] [Client thread/WARN]: Unable to play unknown soundEvent: minecraft:music.game.creative
[21:32:35] [Client thread/WARN]: Unable to play unknown soundEvent: minecraft:mob.bat.takeoff
[21:32:42] [Client thread/WARN]: Unable to play unknown soundEvent: minecraft:mob.bat.takeoff
[21:33:23] [Client thread/WARN]: Unable to play unknown soundEvent: minecraft:mob.bat.takeoff
[21:34:13] [Client thread/WARN]: Unable to play unknown soundEvent: minecraft:mob.bat.takeoff
[21:34:15] [Client thread/WARN]: Unable to play unknown soundEvent: minecraft:mob.bat.takeoff
[21:34:15] [Client thread/WARN]: Unable to play unknown soundEvent: minecraft:mob.bat.takeoff
[21:34:15] [Client thread/WARN]: Unable to play unknown soundEvent: minecraft:mob.bat.takeoff
[21:34:30] [Client thread/WARN]: Unable to play unknown soundEvent: minecraft:mob.bat.takeoff
[21:34:30] [Client thread/WARN]: Unable to play unknown soundEvent: minecraft:mob.bat.takeoff
[21:34:46] [Client thread/WARN]: Unable to play unknown soundEvent: minecraft:music.game.creative
[21:35:02] [Server thread/INFO]: Saving and pausing game...
[21:35:02] [Server thread/INFO]: Saving chunks for level 'New World'/Overworld
[21:35:03] [Client thread/INFO]: Stopping!
[21:35:03] [Server thread/INFO]: Saving chunks for level 'New World'/Nether
[21:35:03] [Server thread/INFO]: Saving chunks for level 'New World'/The End
[21:35:03] [Client thread/INFO]: SoundSystem shutting down...
[21:35:03] [Server thread/INFO]: Stopping server
[21:35:03] [Server thread/INFO]: Saving players
[21:35:03] [Server thread/INFO]: Saving worlds
[21:35:03] [Server thread/INFO]: Saving chunks for level 'New World'/Overworld
[21:35:03] [Server thread/INFO]: Saving chunks for level 'New World'/Nether
[21:35:03] [Server thread/INFO]: Saving chunks for level 'New World'/The End
[21:35:03] [Client thread/WARN]: Author: Paul Lamb, www.paulscode.com
[21:35:03] [Client Shutdown Thread/INFO]: Stopping server
[21:35:03] [Client Shutdown Thread/INFO]: Saving players
[21:35:03] [Client Shutdown Thread/INFO]: Saving worlds
[21:35:03] [Client Shutdown Thread/INFO]: Saving chunks for level 'New World'/Overworld
